2025-02-17 14:51:07 [INFO][com.bilibili.web.BilibiliRunApplication][logStarting][55]-> Starting BilibiliRunApplication using Java 1.8.0_441 on LAPTOP-CKD9S3UD with PID 15108 (D:\java\Project-BiliBili\bilibili-web\target\classes started by WangYishuo in D:\java\Project-BiliBili)
2025-02-17 14:51:07 [DEBUG][com.bilibili.web.BilibiliRunApplication][logStarting][56]-> Running with Spring Boot v2.7.18, Spring v5.3.31
2025-02-17 14:51:07 [INFO][com.bilibili.web.BilibiliRunApplication][logStartupProfileInfo][632]-> No active profile set, falling back to 1 default profile: "default"
2025-02-17 14:51:07 [DEBUG][org.jboss.logging][logProvider][152]-> Logging Provider: org.jboss.logging.Log4j2LoggerProvider
2025-02-17 14:51:07 [DEBUG][org.springframework.boot.SpringApplication][load][665]-> Loading source class com.bilibili.web.BilibiliRunApplication
2025-02-17 14:51:07 [INFO][org.hibernate.validator.internal.util.Version][<clinit>][21]-> HV000001: Hibernate Validator 6.2.5.Final
2025-02-17 14:51:07 [DEBUG][org.hibernate.validator.internal.xml.config.ValidationXmlParser][getValidationXmlInputStream][120]-> Trying to load META-INF/validation.xml for XML based Validator configuration.
2025-02-17 14:51:07 [DEBUG][org.hibernate.validator.internal.xml.config.ResourceLoaderHelper][getResettableInputStreamForPath][60]-> Trying to load META-INF/validation.xml via TCCL
2025-02-17 14:51:07 [DEBUG][org.hibernate.validator.internal.xml.config.ResourceLoaderHelper][getResettableInputStreamForPath][66]-> Trying to load META-INF/validation.xml via Hibernate Validator's class loader
2025-02-17 14:51:07 [DEBUG][org.hibernate.validator.internal.xml.config.ValidationXmlParser][getValidationXmlInputStream][127]-> No META-INF/validation.xml found. Using annotation based configuration only.
2025-02-17 14:51:07 [DEBUG][org.hibernate.validator.internal.engine.resolver.TraversableResolvers][getDefault][60]-> Cannot find javax.persistence.Persistence on classpath. Assuming non JPA 2 environment. All properties will per default be traversable.
2025-02-17 14:51:07 [DEBUG][org.springframework.boot.web.servlet.context.AnnotationConfigServletWebServerApplicationContext][prepareRefresh][637]-> Refreshing org.springframework.boot.web.servlet.context.AnnotationConfigServletWebServerApplicationContext@b70da4c
2025-02-17 14:51:07 [DEBUG][org.hibernate.validator.messageinterpolation.ResourceBundleMessageInterpolator][buildExpressionFactory][172]-> Loaded expression factory via original TCCL
2025-02-17 14:51:07 [DEBUG][org.springframework.beans.factory.support.DefaultListableBeanFactory][getSingleton][225]-> Creating shared instance of singleton bean 'org.springframework.context.annotation.internalConfigurationAnnotationProcessor'
2025-02-17 14:51:07 [DEBUG][org.springframework.beans.factory.support.DefaultListableBeanFactory][getSingleton][225]-> Creating shared instance of singleton bean 'org.springframework.boot.autoconfigure.internalCachingMetadataReaderFactory'
2025-02-17 14:51:07 [DEBUG][org.hibernate.validator.internal.engine.ValidatorFactoryConfigurationHelper][determinePropertyNodeNameProvider][345]-> HV000252: Using org.hibernate.validator.internal.engine.DefaultPropertyNodeNameProvider as property node name provider.
2025-02-17 14:51:07 [DEBUG][org.hibernate.validator.internal.engine.ValidatorFactoryConfigurationHelper][logValidatorFactoryScopedConfiguration][420]-> HV000234: Using org.hibernate.validator.messageinterpolation.ResourceBundleMessageInterpolator as ValidatorFactory-scoped message interpolator.
2025-02-17 14:51:07 [DEBUG][org.hibernate.validator.internal.engine.ValidatorFactoryConfigurationHelper][logValidatorFactoryScopedConfiguration][421]-> HV000234: Using org.hibernate.validator.internal.engine.resolver.TraverseAllTraversableResolver as ValidatorFactory-scoped traversable resolver.
2025-02-17 14:51:07 [DEBUG][org.hibernate.validator.internal.engine.ValidatorFactoryConfigurationHelper][logValidatorFactoryScopedConfiguration][422]-> HV000234: Using org.hibernate.validator.internal.util.ExecutableParameterNameProvider as ValidatorFactory-scoped parameter name provider.
2025-02-17 14:51:07 [DEBUG][org.hibernate.validator.internal.engine.ValidatorFactoryConfigurationHelper][logValidatorFactoryScopedConfiguration][423]-> HV000234: Using org.hibernate.validator.internal.engine.DefaultClockProvider as ValidatorFactory-scoped clock provider.
2025-02-17 14:51:07 [DEBUG][org.hibernate.validator.internal.engine.ValidatorFactoryConfigurationHelper][logValidatorFactoryScopedConfiguration][424]-> HV000234: Using org.hibernate.validator.internal.engine.scripting.DefaultScriptEvaluatorFactory as ValidatorFactory-scoped script evaluator factory.
2025-02-17 14:51:07 [DEBUG][org.mybatis.spring.boot.autoconfigure.MybatisAutoConfiguration][registerBeanDefinitions][184]-> Searching for mappers annotated with @Mapper
2025-02-17 14:51:07 [DEBUG][org.springframework.beans.factory.support.DefaultListableBeanFactory][getSingleton][225]-> Creating shared instance of singleton bean 'org.springframework.boot.autoconfigure.AutoConfigurationPackages'
2025-02-17 14:51:07 [DEBUG][org.springframework.boot.autoconfigure.AutoConfigurationPackages][get][196]-> @EnableAutoConfiguration was declared on a class in the package 'com.bilibili.web'. Automatic @Repository and @Entity scanning is enabled.
2025-02-17 14:51:07 [DEBUG][org.mybatis.spring.boot.autoconfigure.MybatisAutoConfiguration][registerBeanDefinitions][196]-> Using auto-configuration base package 'com.bilibili.web'
2025-02-17 14:51:07 [WARN][org.mybatis.spring.mapper.ClassPathMapperScanner][doScan][166]-> No MyBatis mapper was found in '[com.bilibili.web]' package. Please check your configuration.
2025-02-17 14:51:07 [INFO][org.springframework.data.repository.config.RepositoryConfigurationDelegate][multipleStoresDetected][262]-> Multiple Spring Data modules found, entering strict repository configuration mode
2025-02-17 14:51:07 [INFO][org.springframework.data.repository.config.RepositoryConfigurationDelegate][registerRepositoriesIn][132]-> Bootstrapping Spring Data Elasticsearch repositories in DEFAULT mode.
2025-02-17 14:51:07 [DEBUG][org.springframework.data.repository.config.RepositoryConfigurationDelegate][registerRepositoriesIn][145]-> Scanning for Elasticsearch repositories in packages com.bilibili.web.
2025-02-17 14:51:07 [INFO][org.springframework.data.repository.config.RepositoryConfigurationDelegate][registerRepositoriesIn][201]-> Finished Spring Data repository scanning in 2 ms. Found 0 Elasticsearch repository interfaces.
2025-02-17 14:51:07 [INFO][org.springframework.data.repository.config.RepositoryConfigurationDelegate][multipleStoresDetected][262]-> Multiple Spring Data modules found, entering strict repository configuration mode
2025-02-17 14:51:07 [INFO][org.springframework.data.repository.config.RepositoryConfigurationDelegate][registerRepositoriesIn][132]-> Bootstrapping Spring Data Reactive Elasticsearch repositories in DEFAULT mode.
2025-02-17 14:51:07 [DEBUG][org.springframework.data.repository.config.RepositoryConfigurationDelegate][registerRepositoriesIn][145]-> Scanning for Reactive Elasticsearch repositories in packages com.bilibili.web.
2025-02-17 14:51:07 [INFO][org.springframework.data.repository.config.RepositoryConfigurationDelegate][registerRepositoriesIn][201]-> Finished Spring Data repository scanning in 0 ms. Found 0 Reactive Elasticsearch repository interfaces.
2025-02-17 14:51:07 [INFO][org.springframework.data.repository.config.RepositoryConfigurationDelegate][multipleStoresDetected][262]-> Multiple Spring Data modules found, entering strict repository configuration mode
2025-02-17 14:51:07 [INFO][org.springframework.data.repository.config.RepositoryConfigurationDelegate][registerRepositoriesIn][132]-> Bootstrapping Spring Data Redis repositories in DEFAULT mode.
2025-02-17 14:51:07 [DEBUG][org.springframework.data.repository.config.RepositoryConfigurationDelegate][registerRepositoriesIn][145]-> Scanning for Redis repositories in packages com.bilibili.web.
2025-02-17 14:51:07 [INFO][org.springframework.data.repository.config.RepositoryConfigurationDelegate][registerRepositoriesIn][201]-> Finished Spring Data repository scanning in 0 ms. Found 0 Redis repository interfaces.
2025-02-17 14:51:07 [DEBUG][org.springframework.beans.factory.support.DefaultListableBeanFactory][getSingleton][225]-> Creating shared instance of singleton bean 'propertySourcesPlaceholderConfigurer'
2025-02-17 14:51:07 [DEBUG][org.springframework.beans.factory.support.DefaultListableBeanFactory][getSingleton][225]-> Creating shared instance of singleton bean 'org.springframework.boot.sql.init.dependency.DatabaseInitializationDependencyConfigurer$DependsOnDatabaseInitializationPostProcessor'
2025-02-17 14:51:07 [DEBUG][org.springframework.beans.factory.support.DefaultListableBeanFactory][getSingleton][225]-> Creating shared instance of singleton bean 'org.springframework.context.event.internalEventListenerProcessor'
2025-02-17 14:51:07 [DEBUG][org.springframework.beans.factory.support.DefaultListableBeanFactory][getSingleton][225]-> Creating shared instance of singleton bean 'preserveErrorControllerTargetClassPostProcessor'
2025-02-17 14:51:07 [DEBUG][org.springframework.beans.factory.support.DefaultListableBeanFactory][getSingleton][225]-> Creating shared instance of singleton bean 'org.springframework.context.event.internalEventListenerFactory'
2025-02-17 14:51:07 [DEBUG][org.springframework.beans.factory.support.DefaultListableBeanFactory][getSingleton][225]-> Creating shared instance of singleton bean 'org.springframework.transaction.config.internalTransactionalEventListenerFactory'
2025-02-17 14:51:07 [DEBUG][org.springframework.beans.factory.support.DefaultListableBeanFactory][getSingleton][225]-> Creating shared instance of singleton bean 'org.springframework.context.annotation.internalAutowiredAnnotationProcessor'
2025-02-17 14:51:07 [DEBUG][org.springframework.beans.factory.support.DefaultListableBeanFactory][getSingleton][225]-> Creating shared instance of singleton bean 'org.springframework.context.annotation.internalCommonAnnotationProcessor'
2025-02-17 14:51:07 [DEBUG][org.springframework.beans.factory.support.DefaultListableBeanFactory][getSingleton][225]-> Creating shared instance of singleton bean 'org.springframework.boot.context.properties.ConfigurationPropertiesBindingPostProcessor'
2025-02-17 14:51:07 [DEBUG][org.springframework.beans.factory.support.DefaultListableBeanFactory][getSingleton][225]-> Creating shared instance of singleton bean 'org.springframework.boot.context.internalConfigurationPropertiesBinder'
2025-02-17 14:51:07 [DEBUG][org.springframework.beans.factory.support.DefaultListableBeanFactory][getSingleton][225]-> Creating shared instance of singleton bean 'org.springframework.boot.context.internalConfigurationPropertiesBinderFactory'
2025-02-17 14:51:07 [DEBUG][org.springframework.beans.factory.support.DefaultListableBeanFactory][getSingleton][225]-> Creating shared instance of singleton bean 'methodValidationPostProcessor'
2025-02-17 14:51:07 [DEBUG][org.springframework.beans.factory.support.DefaultListableBeanFactory][registerDependentBeans][952]-> Autowiring by type from bean name 'methodValidationPostProcessor' via factory method to bean named 'environment'
2025-02-17 14:51:07 [DEBUG][org.springframework.beans.factory.support.DefaultListableBeanFactory][getSingleton][225]-> Creating shared instance of singleton bean 'org.springframework.boot.context.properties.EnableConfigurationPropertiesRegistrar.methodValidationExcludeFilter'
2025-02-17 14:51:08 [DEBUG][org.springframework.beans.factory.support.DefaultListableBeanFactory][getSingleton][225]-> Creating shared instance of singleton bean 'org.springframework.aop.config.internalAutoProxyCreator'
2025-02-17 14:51:08 [DEBUG][org.springframework.beans.factory.support.DefaultListableBeanFactory][getSingleton][225]-> Creating shared instance of singleton bean 'persistenceExceptionTranslationPostProcessor'
2025-02-17 14:51:08 [DEBUG][org.springframework.beans.factory.support.DefaultListableBeanFactory][registerDependentBeans][952]-> Autowiring by type from bean name 'persistenceExceptionTranslationPostProcessor' via factory method to bean named 'environment'
2025-02-17 14:51:08 [DEBUG][org.springframework.beans.factory.support.DefaultListableBeanFactory][getSingleton][225]-> Creating shared instance of singleton bean 'webServerFactoryCustomizerBeanPostProcessor'
2025-02-17 14:51:08 [DEBUG][org.springframework.beans.factory.support.DefaultListableBeanFactory][getSingleton][225]-> Creating shared instance of singleton bean 'errorPageRegistrarBeanPostProcessor'
2025-02-17 14:51:08 [DEBUG][org.springframework.beans.factory.support.DefaultListableBeanFactory][getSingleton][225]-> Creating shared instance of singleton bean 'projectingArgumentResolverBeanPostProcessor'
2025-02-17 14:51:08 [DEBUG][org.springframework.beans.factory.support.DefaultListableBeanFactory][getSingleton][225]-> Creating shared instance of singleton bean 'org.springframework.transaction.config.internalTransactionAdvisor'
2025-02-17 14:51:08 [DEBUG][org.springframework.beans.factory.support.DefaultListableBeanFactory][getSingleton][225]-> Creating shared instance of singleton bean 'org.springframework.transaction.annotation.ProxyTransactionManagementConfiguration'
2025-02-17 14:51:08 [DEBUG][org.springframework.beans.factory.support.DefaultListableBeanFactory][getSingleton][225]-> Creating shared instance of singleton bean 'transactionAttributeSource'
2025-02-17 14:51:08 [DEBUG][org.springframework.beans.factory.support.DefaultListableBeanFactory][getSingleton][225]-> Creating shared instance of singleton bean 'transactionInterceptor'
2025-02-17 14:51:08 [DEBUG][org.springframework.beans.factory.support.DefaultListableBeanFactory][registerDependentBeans][952]-> Autowiring by type from bean name 'transactionInterceptor' via factory method to bean named 'transactionAttributeSource'
2025-02-17 14:51:08 [DEBUG][org.springframework.beans.factory.support.DefaultListableBeanFactory][registerDependentBeans][952]-> Autowiring by type from bean name 'org.springframework.transaction.config.internalTransactionAdvisor' via factory method to bean named 'transactionAttributeSource'
2025-02-17 14:51:08 [DEBUG][org.springframework.beans.factory.support.DefaultListableBeanFactory][registerDependentBeans][952]-> Autowiring by type from bean name 'org.springframework.transaction.config.internalTransactionAdvisor' via factory method to bean named 'transactionInterceptor'
2025-02-17 14:51:08 [DEBUG][org.springframework.ui.context.support.UiApplicationContextUtils][initThemeSource][85]-> Unable to locate ThemeSource with name 'themeSource': using default [org.springframework.ui.context.support.ResourceBundleThemeSource@1174a305]
2025-02-17 14:51:08 [DEBUG][org.springframework.beans.factory.support.DefaultListableBeanFactory][getSingleton][225]-> Creating shared instance of singleton bean 'tomcatServletWebServerFactory'
2025-02-17 14:51:08 [DEBUG][org.springframework.beans.factory.support.DefaultListableBeanFactory][getSingleton][225]-> Creating shared instance of singleton bean 'org.springframework.boot.autoconfigure.web.servlet.ServletWebServerFactoryConfiguration$EmbeddedTomcat'
2025-02-17 14:51:08 [DEBUG][org.springframework.beans.factory.support.DefaultListableBeanFactory][getSingleton][225]-> Creating shared instance of singleton bean 'websocketServletWebServerCustomizer'
2025-02-17 14:51:08 [DEBUG][org.springframework.beans.factory.support.DefaultListableBeanFactory][getSingleton][225]-> Creating shared instance of singleton bean 'org.springframework.boot.autoconfigure.websocket.servlet.WebSocketServletAutoConfiguration$TomcatWebSocketConfiguration'
2025-02-17 14:51:08 [DEBUG][org.springframework.beans.factory.support.DefaultListableBeanFactory][getSingleton][225]-> Creating shared instance of singleton bean 'servletWebServerFactoryCustomizer'
2025-02-17 14:51:08 [DEBUG][org.springframework.beans.factory.support.DefaultListableBeanFactory][getSingleton][225]-> Creating shared instance of singleton bean 'org.springframework.boot.autoconfigure.web.servlet.ServletWebServerFactoryAutoConfiguration'
2025-02-17 14:51:08 [DEBUG][org.springframework.beans.factory.support.DefaultListableBeanFactory][getSingleton][225]-> Creating shared instance of singleton bean 'server-org.springframework.boot.autoconfigure.web.ServerProperties'
2025-02-17 14:51:08 [DEBUG][org.springframework.beans.factory.support.DefaultListableBeanFactory][getSingleton][225]-> Creating shared instance of singleton bean 'org.springframework.boot.context.properties.BoundConfigurationProperties'
2025-02-17 14:51:08 [DEBUG][org.springframework.beans.factory.support.DefaultListableBeanFactory][registerDependentBeans][952]-> Autowiring by type from bean name 'servletWebServerFactoryCustomizer' via factory method to bean named 'server-org.springframework.boot.autoconfigure.web.ServerProperties'
2025-02-17 14:51:08 [DEBUG][org.springframework.beans.factory.support.DefaultListableBeanFactory][getSingleton][225]-> Creating shared instance of singleton bean 'tomcatServletWebServerFactoryCustomizer'
2025-02-17 14:51:08 [DEBUG][org.springframework.beans.factory.support.DefaultListableBeanFactory][registerDependentBeans][952]-> Autowiring by type from bean name 'tomcatServletWebServerFactoryCustomizer' via factory method to bean named 'server-org.springframework.boot.autoconfigure.web.ServerProperties'
2025-02-17 14:51:08 [DEBUG][org.springframework.beans.factory.support.DefaultListableBeanFactory][getSingleton][225]-> Creating shared instance of singleton bean 'tomcatWebServerFactoryCustomizer'
2025-02-17 14:51:08 [DEBUG][org.springframework.beans.factory.support.DefaultListableBeanFactory][getSingleton][225]-> Creating shared instance of singleton bean 'org.springframework.boot.autoconfigure.web.embedded.EmbeddedWebServerFactoryCustomizerAutoConfiguration$TomcatWebServerFactoryCustomizerConfiguration'
2025-02-17 14:51:08 [DEBUG][org.springframework.beans.factory.support.DefaultListableBeanFactory][registerDependentBeans][952]-> Autowiring by type from bean name 'tomcatWebServerFactoryCustomizer' via factory method to bean named 'environment'
2025-02-17 14:51:08 [DEBUG][org.springframework.beans.factory.support.DefaultListableBeanFactory][registerDependentBeans][952]-> Autowiring by type from bean name 'tomcatWebServerFactoryCustomizer' via factory method to bean named 'server-org.springframework.boot.autoconfigure.web.ServerProperties'
2025-02-17 14:51:08 [DEBUG][org.springframework.beans.factory.support.DefaultListableBeanFactory][getSingleton][225]-> Creating shared instance of singleton bean 'localeCharsetMappingsCustomizer'
2025-02-17 14:51:08 [DEBUG][org.springframework.beans.factory.support.DefaultListableBeanFactory][getSingleton][225]-> Creating shared instance of singleton bean 'org.springframework.boot.autoconfigure.web.servlet.HttpEncodingAutoConfiguration'
2025-02-17 14:51:08 [DEBUG][org.springframework.beans.factory.support.DefaultListableBeanFactory][registerDependentBeans][952]-> Autowiring by type from bean name 'org.springframework.boot.autoconfigure.web.servlet.HttpEncodingAutoConfiguration' via constructor to bean named 'server-org.springframework.boot.autoconfigure.web.ServerProperties'
2025-02-17 14:51:08 [DEBUG][org.springframework.beans.factory.support.DefaultListableBeanFactory][getSingleton][225]-> Creating shared instance of singleton bean 'errorPageCustomizer'
2025-02-17 14:51:08 [DEBUG][org.springframework.beans.factory.support.DefaultListableBeanFactory][getSingleton][225]-> Creating shared instance of singleton bean 'org.springframework.boot.autoconfigure.web.servlet.error.ErrorMvcAutoConfiguration'
2025-02-17 14:51:08 [DEBUG][org.springframework.beans.factory.support.DefaultListableBeanFactory][registerDependentBeans][952]-> Autowiring by type from bean name 'org.springframework.boot.autoconfigure.web.servlet.error.ErrorMvcAutoConfiguration' via constructor to bean named 'server-org.springframework.boot.autoconfigure.web.ServerProperties'
2025-02-17 14:51:08 [DEBUG][org.springframework.beans.factory.support.DefaultListableBeanFactory][getSingleton][225]-> Creating shared instance of singleton bean 'dispatcherServletRegistration'
2025-02-17 14:51:08 [DEBUG][org.springframework.beans.factory.support.DefaultListableBeanFactory][getSingleton][225]-> Creating shared instance of singleton bean 'org.springframework.boot.autoconfigure.web.servlet.DispatcherServletAutoConfiguration$DispatcherServletRegistrationConfiguration'
2025-02-17 14:51:08 [DEBUG][org.springframework.beans.factory.support.DefaultListableBeanFactory][getSingleton][225]-> Creating shared instance of singleton bean 'dispatcherServlet'
2025-02-17 14:51:08 [DEBUG][org.springframework.beans.factory.support.DefaultListableBeanFactory][getSingleton][225]-> Creating shared instance of singleton bean 'org.springframework.boot.autoconfigure.web.servlet.DispatcherServletAutoConfiguration$DispatcherServletConfiguration'
2025-02-17 14:51:08 [DEBUG][org.springframework.beans.factory.support.DefaultListableBeanFactory][getSingleton][225]-> Creating shared instance of singleton bean 'spring.mvc-org.springframework.boot.autoconfigure.web.servlet.WebMvcProperties'
2025-02-17 14:51:08 [DEBUG][org.springframework.beans.factory.support.DefaultListableBeanFactory][registerDependentBeans][952]-> Autowiring by type from bean name 'dispatcherServlet' via factory method to bean named 'spring.mvc-org.springframework.boot.autoconfigure.web.servlet.WebMvcProperties'
2025-02-17 14:51:08 [DEBUG][org.springframework.beans.factory.support.DefaultListableBeanFactory][registerDependentBeans][952]-> Autowiring by type from bean name 'dispatcherServletRegistration' via factory method to bean named 'dispatcherServlet'
2025-02-17 14:51:08 [DEBUG][org.springframework.beans.factory.support.DefaultListableBeanFactory][registerDependentBeans][952]-> Autowiring by type from bean name 'dispatcherServletRegistration' via factory method to bean named 'spring.mvc-org.springframework.boot.autoconfigure.web.servlet.WebMvcProperties'
2025-02-17 14:51:08 [DEBUG][org.springframework.beans.factory.support.DefaultListableBeanFactory][getSingleton][225]-> Creating shared instance of singleton bean 'multipartConfigElement'
2025-02-17 14:51:08 [DEBUG][org.springframework.beans.factory.support.DefaultListableBeanFactory][getSingleton][225]-> Creating shared instance of singleton bean 'org.springframework.boot.autoconfigure.web.servlet.MultipartAutoConfiguration'
2025-02-17 14:51:08 [DEBUG][org.springframework.beans.factory.support.DefaultListableBeanFactory][getSingleton][225]-> Creating shared instance of singleton bean 'spring.servlet.multipart-org.springframework.boot.autoconfigure.web.servlet.MultipartProperties'
2025-02-17 14:51:08 [DEBUG][org.springframework.beans.factory.support.DefaultListableBeanFactory][registerDependentBeans][952]-> Autowiring by type from bean name 'org.springframework.boot.autoconfigure.web.servlet.MultipartAutoConfiguration' via constructor to bean named 'spring.servlet.multipart-org.springframework.boot.autoconfigure.web.servlet.MultipartProperties'
2025-02-17 14:51:08 [DEBUG][org.springframework.beans.factory.support.DefaultListableBeanFactory][registerDependentBeans][952]-> Autowiring by type from bean name 'errorPageCustomizer' via factory method to bean named 'dispatcherServletRegistration'
2025-02-17 14:51:08 [DEBUG][org.springframework.boot.web.embedded.tomcat.TomcatServletWebServerFactory][getArchiveFileDocumentRoot][81]-> Code archive: D:\Development\apache-maven-3.9.9\repository\org\springframework\boot\spring-boot\2.7.18\spring-boot-2.7.18.jar
2025-02-17 14:51:08 [DEBUG][org.springframework.boot.web.embedded.tomcat.TomcatServletWebServerFactory][getExplodedWarFileDocumentRoot][125]-> Code archive: D:\Development\apache-maven-3.9.9\repository\org\springframework\boot\spring-boot\2.7.18\spring-boot-2.7.18.jar
2025-02-17 14:51:08 [DEBUG][org.springframework.boot.web.embedded.tomcat.TomcatServletWebServerFactory][logNoDocumentRoots][149]-> None of the document roots [src/main/webapp, public, static] point to a directory and will be ignored.
2025-02-17 14:51:08 [INFO][org.springframework.boot.web.embedded.tomcat.TomcatWebServer][initialize][108]-> Tomcat initialized with port(s): 8080 (http)
2025-02-17 14:51:08 [INFO][org.apache.coyote.http11.Http11NioProtocol][log][173]-> Initializing ProtocolHandler ["http-nio-8080"]
2025-02-17 14:51:08 [INFO][org.apache.catalina.core.StandardService][log][173]-> Starting service [Tomcat]
2025-02-17 14:51:08 [INFO][org.apache.catalina.core.StandardEngine][log][173]-> Starting Servlet engine: [Apache Tomcat/9.0.83]
2025-02-17 14:51:08 [INFO][org.apache.catalina.core.ContainerBase.[Tomcat].[localhost].[/]][log][173]-> Initializing Spring embedded WebApplicationContext
2025-02-17 14:51:08 [DEBUG][org.springframework.boot.web.servlet.context.ServletWebServerApplicationContext][prepareWebApplicationContext][286]-> Published root WebApplicationContext as ServletContext attribute with name [org.springframework.web.context.WebApplicationContext.ROOT]
2025-02-17 14:51:08 [INFO][org.springframework.boot.web.servlet.context.ServletWebServerApplicationContext][prepareWebApplicationContext][292]-> Root WebApplicationContext: initialization completed in 882 ms
2025-02-17 14:51:08 [DEBUG][org.springframework.beans.factory.support.DefaultListableBeanFactory][getSingleton][225]-> Creating shared instance of singleton bean 'requestContextFilter'
2025-02-17 14:51:08 [DEBUG][org.springframework.beans.factory.support.DefaultListableBeanFactory][getSingleton][225]-> Creating shared instance of singleton bean 'formContentFilter'
2025-02-17 14:51:08 [DEBUG][org.springframework.beans.factory.support.DefaultListableBeanFactory][getSingleton][225]-> Creating shared instance of singleton bean 'org.springframework.boot.autoconfigure.web.servlet.WebMvcAutoConfiguration'
2025-02-17 14:51:08 [DEBUG][org.springframework.beans.factory.support.DefaultListableBeanFactory][getSingleton][225]-> Creating shared instance of singleton bean 'characterEncodingFilter'
2025-02-17 14:51:08 [DEBUG][org.springframework.boot.web.servlet.ServletContextInitializerBeans][logMappings][237]-> Mapping filters: characterEncodingFilter urls=[/*] order=-2147483648, formContentFilter urls=[/*] order=-9900, requestContextFilter urls=[/*] order=-105
2025-02-17 14:51:08 [DEBUG][org.springframework.boot.web.servlet.ServletContextInitializerBeans][logMappings][237]-> Mapping servlets: dispatcherServlet urls=[/]
2025-02-17 14:51:08 [DEBUG][org.springframework.boot.web.servlet.filter.OrderedRequestContextFilter][init][242]-> Filter 'requestContextFilter' configured for use
2025-02-17 14:51:08 [DEBUG][org.springframework.boot.web.servlet.filter.OrderedCharacterEncodingFilter][init][242]-> Filter 'characterEncodingFilter' configured for use
2025-02-17 14:51:08 [DEBUG][org.springframework.boot.web.servlet.filter.OrderedFormContentFilter][init][242]-> Filter 'formContentFilter' configured for use
2025-02-17 14:51:08 [DEBUG][org.springframework.beans.factory.support.DefaultListableBeanFactory][getSingleton][225]-> Creating shared instance of singleton bean 'bilibiliRunApplication'
2025-02-17 14:51:08 [DEBUG][org.springframework.beans.factory.support.DefaultListableBeanFactory][getSingleton][225]-> Creating shared instance of singleton bean 'org.springframework.boot.autoconfigure.context.PropertyPlaceholderAutoConfiguration'
2025-02-17 14:51:08 [DEBUG][org.springframework.beans.factory.support.DefaultListableBeanFactory][getSingleton][225]-> Creating shared instance of singleton bean 'org.springframework.boot.autoconfigure.websocket.servlet.WebSocketServletAutoConfiguration'
2025-02-17 14:51:08 [DEBUG][org.springframework.beans.factory.support.DefaultListableBeanFactory][getSingleton][225]-> Creating shared instance of singleton bean 'org.springframework.boot.autoconfigure.web.servlet.DispatcherServletAutoConfiguration'
2025-02-17 14:51:08 [DEBUG][org.springframework.beans.factory.support.DefaultListableBeanFactory][getSingleton][225]-> Creating shared instance of singleton bean 'org.springframework.boot.autoconfigure.task.TaskExecutionAutoConfiguration'
2025-02-17 14:51:08 [DEBUG][org.springframework.beans.factory.support.DefaultListableBeanFactory][getSingleton][225]-> Creating shared instance of singleton bean 'taskExecutorBuilder'
2025-02-17 14:51:08 [DEBUG][org.springframework.beans.factory.support.DefaultListableBeanFactory][getSingleton][225]-> Creating shared instance of singleton bean 'spring.task.execution-org.springframework.boot.autoconfigure.task.TaskExecutionProperties'
2025-02-17 14:51:08 [DEBUG][org.springframework.beans.factory.support.DefaultListableBeanFactory][registerDependentBeans][952]-> Autowiring by type from bean name 'taskExecutorBuilder' via factory method to bean named 'spring.task.execution-org.springframework.boot.autoconfigure.task.TaskExecutionProperties'
2025-02-17 14:51:08 [DEBUG][org.springframework.beans.factory.support.DefaultListableBeanFactory][getSingleton][225]-> Creating shared instance of singleton bean 'org.springframework.boot.autoconfigure.validation.ValidationAutoConfiguration'
2025-02-17 14:51:08 [DEBUG][org.springframework.beans.factory.support.DefaultListableBeanFactory][getSingleton][225]-> Creating shared instance of singleton bean 'defaultValidator'
2025-02-17 14:51:08 [DEBUG][org.springframework.beans.factory.support.DefaultListableBeanFactory][registerDependentBeans][952]-> Autowiring by type from bean name 'defaultValidator' via factory method to bean named 'org.springframework.boot.web.servlet.context.AnnotationConfigServletWebServerApplicationContext@b70da4c'
2025-02-17 14:51:08 [DEBUG][org.hibernate.validator.messageinterpolation.ResourceBundleMessageInterpolator][buildExpressionFactory][172]-> Loaded expression factory via original TCCL
2025-02-17 14:51:08 [DEBUG][org.hibernate.validator.internal.engine.AbstractConfigurationImpl][messageInterpolator][174]-> Setting custom MessageInterpolator of type org.springframework.validation.beanvalidation.LocaleContextMessageInterpolator
2025-02-17 14:51:08 [DEBUG][org.hibernate.validator.internal.engine.AbstractConfigurationImpl][constraintValidatorFactory][206]-> Setting custom ConstraintValidatorFactory of type org.springframework.validation.beanvalidation.SpringConstraintValidatorFactory
2025-02-17 14:51:08 [DEBUG][org.hibernate.validator.internal.engine.AbstractConfigurationImpl][parameterNameProvider][220]-> Setting custom ParameterNameProvider of type org.springframework.validation.beanvalidation.LocalValidatorFactoryBean$1
2025-02-17 14:51:08 [DEBUG][org.hibernate.validator.internal.xml.config.ValidationXmlParser][getValidationXmlInputStream][120]-> Trying to load META-INF/validation.xml for XML based Validator configuration.
2025-02-17 14:51:08 [DEBUG][org.hibernate.validator.internal.xml.config.ResourceLoaderHelper][getResettableInputStreamForPath][53]-> Trying to load META-INF/validation.xml via user class loader
2025-02-17 14:51:08 [DEBUG][org.hibernate.validator.internal.xml.config.ResourceLoaderHelper][getResettableInputStreamForPath][60]-> Trying to load META-INF/validation.xml via TCCL
2025-02-17 14:51:08 [DEBUG][org.hibernate.validator.internal.xml.config.ResourceLoaderHelper][getResettableInputStreamForPath][66]-> Trying to load META-INF/validation.xml via Hibernate Validator's class loader
2025-02-17 14:51:08 [DEBUG][org.hibernate.validator.internal.xml.config.ValidationXmlParser][getValidationXmlInputStream][127]-> No META-INF/validation.xml found. Using annotation based configuration only.
2025-02-17 14:51:08 [DEBUG][org.hibernate.validator.internal.engine.resolver.TraversableResolvers][getDefault][60]-> Cannot find javax.persistence.Persistence on classpath. Assuming non JPA 2 environment. All properties will per default be traversable.
2025-02-17 14:51:08 [DEBUG][org.hibernate.validator.internal.engine.ValidatorFactoryConfigurationHelper][determinePropertyNodeNameProvider][345]-> HV000252: Using org.hibernate.validator.internal.engine.DefaultPropertyNodeNameProvider as property node name provider.
2025-02-17 14:51:08 [DEBUG][org.hibernate.validator.internal.engine.ValidatorFactoryConfigurationHelper][logValidatorFactoryScopedConfiguration][420]-> HV000234: Using org.springframework.validation.beanvalidation.LocaleContextMessageInterpolator as ValidatorFactory-scoped message interpolator.
2025-02-17 14:51:08 [DEBUG][org.hibernate.validator.internal.engine.ValidatorFactoryConfigurationHelper][logValidatorFactoryScopedConfiguration][421]-> HV000234: Using org.hibernate.validator.internal.engine.resolver.TraverseAllTraversableResolver as ValidatorFactory-scoped traversable resolver.
2025-02-17 14:51:08 [DEBUG][org.hibernate.validator.internal.engine.ValidatorFactoryConfigurationHelper][logValidatorFactoryScopedConfiguration][422]-> HV000234: Using org.hibernate.validator.internal.util.ExecutableParameterNameProvider as ValidatorFactory-scoped parameter name provider.
2025-02-17 14:51:08 [DEBUG][org.hibernate.validator.internal.engine.ValidatorFactoryConfigurationHelper][logValidatorFactoryScopedConfiguration][423]-> HV000234: Using org.hibernate.validator.internal.engine.DefaultClockProvider as ValidatorFactory-scoped clock provider.
2025-02-17 14:51:08 [DEBUG][org.hibernate.validator.internal.engine.ValidatorFactoryConfigurationHelper][logValidatorFactoryScopedConfiguration][424]-> HV000234: Using org.hibernate.validator.internal.engine.scripting.DefaultScriptEvaluatorFactory as ValidatorFactory-scoped script evaluator factory.
2025-02-17 14:51:08 [DEBUG][org.springframework.beans.factory.support.DefaultListableBeanFactory][getSingleton][225]-> Creating shared instance of singleton bean 'org.springframework.boot.autoconfigure.web.servlet.error.ErrorMvcAutoConfiguration$WhitelabelErrorViewConfiguration'
2025-02-17 14:51:08 [DEBUG][org.springframework.beans.factory.support.DefaultListableBeanFactory][getSingleton][225]-> Creating shared instance of singleton bean 'error'
2025-02-17 14:51:08 [DEBUG][org.springframework.beans.factory.support.DefaultListableBeanFactory][getSingleton][225]-> Creating shared instance of singleton bean 'beanNameViewResolver'
2025-02-17 14:51:08 [DEBUG][org.springframework.beans.factory.support.DefaultListableBeanFactory][getSingleton][225]-> Creating shared instance of singleton bean 'org.springframework.boot.autoconfigure.web.servlet.error.ErrorMvcAutoConfiguration$DefaultErrorViewResolverConfiguration'
2025-02-17 14:51:08 [DEBUG][org.springframework.beans.factory.support.DefaultListableBeanFactory][getSingleton][225]-> Creating shared instance of singleton bean 'spring.web-org.springframework.boot.autoconfigure.web.WebProperties'
2025-02-17 14:51:08 [DEBUG][org.springframework.beans.factory.support.DefaultListableBeanFactory][registerDependentBeans][952]-> Autowiring by type from bean name 'org.springframework.boot.autoconfigure.web.servlet.error.ErrorMvcAutoConfiguration$DefaultErrorViewResolverConfiguration' via constructor to bean named 'org.springframework.boot.web.servlet.context.AnnotationConfigServletWebServerApplicationContext@b70da4c'
2025-02-17 14:51:08 [DEBUG][org.springframework.beans.factory.support.DefaultListableBeanFactory][registerDependentBeans][952]-> Autowiring by type from bean name 'org.springframework.boot.autoconfigure.web.servlet.error.ErrorMvcAutoConfiguration$DefaultErrorViewResolverConfiguration' via constructor to bean named 'spring.web-org.springframework.boot.autoconfigure.web.WebProperties'
2025-02-17 14:51:08 [DEBUG][org.springframework.beans.factory.support.DefaultListableBeanFactory][getSingleton][225]-> Creating shared instance of singleton bean 'conventionErrorViewResolver'
2025-02-17 14:51:08 [DEBUG][org.springframework.beans.factory.support.DefaultListableBeanFactory][getSingleton][225]-> Creating shared instance of singleton bean 'errorAttributes'
2025-02-17 14:51:08 [DEBUG][org.springframework.beans.factory.support.DefaultListableBeanFactory][getSingleton][225]-> Creating shared instance of singleton bean 'basicErrorController'
2025-02-17 14:51:08 [DEBUG][org.springframework.beans.factory.support.DefaultListableBeanFactory][registerDependentBeans][952]-> Autowiring by type from bean name 'basicErrorController' via factory method to bean named 'errorAttributes'
2025-02-17 14:51:08 [DEBUG][org.springframework.beans.factory.support.DefaultListableBeanFactory][getSingleton][225]-> Creating shared instance of singleton bean 'org.springframework.boot.autoconfigure.web.servlet.WebMvcAutoConfiguration$EnableWebMvcConfiguration'
2025-02-17 14:51:08 [DEBUG][org.springframework.beans.factory.support.DefaultListableBeanFactory][registerDependentBeans][952]-> Autowiring by type from bean name 'org.springframework.boot.autoconfigure.web.servlet.WebMvcAutoConfiguration$EnableWebMvcConfiguration' via constructor to bean named 'spring.mvc-org.springframework.boot.autoconfigure.web.servlet.WebMvcProperties'
2025-02-17 14:51:08 [DEBUG][org.springframework.beans.factory.support.DefaultListableBeanFactory][registerDependentBeans][952]-> Autowiring by type from bean name 'org.springframework.boot.autoconfigure.web.servlet.WebMvcAutoConfiguration$EnableWebMvcConfiguration' via constructor to bean named 'spring.web-org.springframework.boot.autoconfigure.web.WebProperties'
2025-02-17 14:51:08 [DEBUG][org.springframework.beans.factory.support.DefaultListableBeanFactory][registerDependentBeans][952]-> Autowiring by type from bean name 'org.springframework.boot.autoconfigure.web.servlet.WebMvcAutoConfiguration$EnableWebMvcConfiguration' via constructor to bean named 'org.springframework.beans.factory.support.DefaultListableBeanFactory@5d465e4b'
2025-02-17 14:51:08 [DEBUG][org.springframework.beans.factory.support.DefaultListableBeanFactory][getSingleton][225]-> Creating shared instance of singleton bean 'org.springframework.boot.autoconfigure.web.servlet.WebMvcAutoConfiguration$WebMvcAutoConfigurationAdapter'
2025-02-17 14:51:08 [DEBUG][org.springframework.beans.factory.support.DefaultListableBeanFactory][registerDependentBeans][952]-> Autowiring by type from bean name 'org.springframework.boot.autoconfigure.web.servlet.WebMvcAutoConfiguration$WebMvcAutoConfigurationAdapter' via constructor to bean named 'spring.web-org.springframework.boot.autoconfigure.web.WebProperties'
2025-02-17 14:51:08 [DEBUG][org.springframework.beans.factory.support.DefaultListableBeanFactory][registerDependentBeans][952]-> Autowiring by type from bean name 'org.springframework.boot.autoconfigure.web.servlet.WebMvcAutoConfiguration$WebMvcAutoConfigurationAdapter' via constructor to bean named 'spring.mvc-org.springframework.boot.autoconfigure.web.servlet.WebMvcProperties'
2025-02-17 14:51:08 [DEBUG][org.springframework.beans.factory.support.DefaultListableBeanFactory][registerDependentBeans][952]-> Autowiring by type from bean name 'org.springframework.boot.autoconfigure.web.servlet.WebMvcAutoConfiguration$WebMvcAutoConfigurationAdapter' via constructor to bean named 'org.springframework.beans.factory.support.DefaultListableBeanFactory@5d465e4b'
2025-02-17 14:51:08 [DEBUG][org.springframework.beans.factory.support.DefaultListableBeanFactory][getSingleton][225]-> Creating shared instance of singleton bean 'org.springframework.data.web.config.SpringDataWebConfiguration'
2025-02-17 14:51:08 [DEBUG][org.springframework.beans.factory.support.DefaultListableBeanFactory][registerDependentBeans][952]-> Autowiring by type from bean name 'org.springframework.data.web.config.SpringDataWebConfiguration' via constructor to bean named 'org.springframework.boot.web.servlet.context.AnnotationConfigServletWebServerApplicationContext@b70da4c'
2025-02-17 14:51:08 [DEBUG][org.springframework.beans.factory.support.DefaultListableBeanFactory][getSingleton][225]-> Creating shared instance of singleton bean 'requestMappingHandlerAdapter'
2025-02-17 14:51:08 [DEBUG][org.springframework.beans.factory.support.DefaultListableBeanFactory][getSingleton][225]-> Creating shared instance of singleton bean 'mvcContentNegotiationManager'
2025-02-17 14:51:08 [DEBUG][org.springframework.beans.factory.support.DefaultListableBeanFactory][getSingleton][225]-> Creating shared instance of singleton bean 'mvcConversionService'
2025-02-17 14:51:08 [DEBUG][org.springframework.beans.factory.support.DefaultListableBeanFactory][getSingleton][225]-> Creating shared instance of singleton bean 'mvcValidator'
2025-02-17 14:51:08 [DEBUG][org.springframework.beans.factory.support.DefaultListableBeanFactory][registerDependentBeans][952]-> Autowiring by type from bean name 'requestMappingHandlerAdapter' via factory method to bean named 'mvcContentNegotiationManager'
2025-02-17 14:51:08 [DEBUG][org.springframework.beans.factory.support.DefaultListableBeanFactory][registerDependentBeans][952]-> Autowiring by type from bean name 'requestMappingHandlerAdapter' via factory method to bean named 'mvcConversionService'
2025-02-17 14:51:08 [DEBUG][org.springframework.beans.factory.support.DefaultListableBeanFactory][registerDependentBeans][952]-> Autowiring by type from bean name 'requestMappingHandlerAdapter' via factory method to bean named 'mvcValidator'
2025-02-17 14:51:08 [DEBUG][org.springframework.beans.factory.support.DefaultListableBeanFactory][registerDependentBeans][952]-> Autowiring by type from bean name 'requestMappingHandlerAdapter' via factory method to bean named 'mvcContentNegotiationManager'
2025-02-17 14:51:08 [DEBUG][org.springframework.beans.factory.support.DefaultListableBeanFactory][registerDependentBeans][952]-> Autowiring by type from bean name 'requestMappingHandlerAdapter' via factory method to bean named 'mvcConversionService'
2025-02-17 14:51:08 [DEBUG][org.springframework.beans.factory.support.DefaultListableBeanFactory][registerDependentBeans][952]-> Autowiring by type from bean name 'requestMappingHandlerAdapter' via factory method to bean named 'mvcValidator'
2025-02-17 14:51:08 [DEBUG][org.springframework.beans.factory.support.DefaultListableBeanFactory][getSingleton][225]-> Creating shared instance of singleton bean 'messageConverters'
2025-02-17 14:51:08 [DEBUG][org.springframework.beans.factory.support.DefaultListableBeanFactory][getSingleton][225]-> Creating shared instance of singleton bean 'org.springframework.boot.autoconfigure.http.HttpMessageConvertersAutoConfiguration'
2025-02-17 14:51:08 [DEBUG][org.springframework.beans.factory.support.DefaultListableBeanFactory][getSingleton][225]-> Creating shared instance of singleton bean 'stringHttpMessageConverter'
2025-02-17 14:51:08 [DEBUG][org.springframework.beans.factory.support.DefaultListableBeanFactory][getSingleton][225]-> Creating shared instance of singleton bean 'org.springframework.boot.autoconfigure.http.HttpMessageConvertersAutoConfiguration$StringHttpMessageConverterConfiguration'
2025-02-17 14:51:08 [DEBUG][org.springframework.beans.factory.support.DefaultListableBeanFactory][registerDependentBeans][952]-> Autowiring by type from bean name 'stringHttpMessageConverter' via factory method to bean named 'environment'
2025-02-17 14:51:08 [DEBUG][org.springframework.beans.factory.support.DefaultListableBeanFactory][getSingleton][225]-> Creating shared instance of singleton bean 'mappingJackson2HttpMessageConverter'
2025-02-17 14:51:08 [DEBUG][org.springframework.beans.factory.support.DefaultListableBeanFactory][getSingleton][225]-> Creating shared instance of singleton bean 'org.springframework.boot.autoconfigure.http.JacksonHttpMessageConvertersConfiguration$MappingJackson2HttpMessageConverterConfiguration'
2025-02-17 14:51:08 [DEBUG][org.springframework.beans.factory.support.DefaultListableBeanFactory][getSingleton][225]-> Creating shared instance of singleton bean 'jacksonObjectMapper'
2025-02-17 14:51:08 [DEBUG][org.springframework.beans.factory.support.DefaultListableBeanFactory][getSingleton][225]-> Creating shared instance of singleton bean 'org.springframework.boot.autoconfigure.jackson.JacksonAutoConfiguration$JacksonObjectMapperConfiguration'
2025-02-17 14:51:08 [DEBUG][org.springframework.beans.factory.support.DefaultListableBeanFactory][getSingleton][225]-> Creating shared instance of singleton bean 'org.springframework.boot.autoconfigure.jackson.JacksonAutoConfiguration$JacksonObjectMapperBuilderConfiguration'
2025-02-17 14:51:08 [DEBUG][org.springframework.beans.factory.support.DefaultListableBeanFactory][getSingleton][225]-> Creating shared instance of singleton bean 'standardJacksonObjectMapperBuilderCustomizer'
2025-02-17 14:51:08 [DEBUG][org.springframework.beans.factory.support.DefaultListableBeanFactory][getSingleton][225]-> Creating shared instance of singleton bean 'org.springframework.boot.autoconfigure.jackson.JacksonAutoConfiguration$Jackson2ObjectMapperBuilderCustomizerConfiguration'
2025-02-17 14:51:08 [DEBUG][org.springframework.beans.factory.support.DefaultListableBeanFactory][getSingleton][225]-> Creating shared instance of singleton bean 'spring.jackson-org.springframework.boot.autoconfigure.jackson.JacksonProperties'
2025-02-17 14:51:08 [DEBUG][org.springframework.beans.factory.support.DefaultListableBeanFactory][registerDependentBeans][952]-> Autowiring by type from bean name 'standardJacksonObjectMapperBuilderCustomizer' via factory method to bean named 'org.springframework.boot.web.servlet.context.AnnotationConfigServletWebServerApplicationContext@b70da4c'
2025-02-17 14:51:08 [DEBUG][org.springframework.beans.factory.support.DefaultListableBeanFactory][registerDependentBeans][952]-> Autowiring by type from bean name 'standardJacksonObjectMapperBuilderCustomizer' via factory method to bean named 'spring.jackson-org.springframework.boot.autoconfigure.jackson.JacksonProperties'
2025-02-17 14:51:08 [DEBUG][org.springframework.beans.factory.support.DefaultListableBeanFactory][registerDependentBeans][952]-> Autowiring by type from bean name 'jacksonObjectMapperBuilder' via factory method to bean named 'org.springframework.boot.web.servlet.context.AnnotationConfigServletWebServerApplicationContext@b70da4c'
2025-02-17 14:51:08 [DEBUG][org.springframework.beans.factory.support.DefaultListableBeanFactory][registerDependentBeans][952]-> Autowiring by type from bean name 'jacksonObjectMapperBuilder' via factory method to bean named 'standardJacksonObjectMapperBuilderCustomizer'
2025-02-17 14:51:08 [DEBUG][org.springframework.beans.factory.support.DefaultListableBeanFactory][getSingleton][225]-> Creating shared instance of singleton bean 'parameterNamesModule'
2025-02-17 14:51:08 [DEBUG][org.springframework.beans.factory.support.DefaultListableBeanFactory][getSingleton][225]-> Creating shared instance of singleton bean 'org.springframework.boot.autoconfigure.jackson.JacksonAutoConfiguration$ParameterNamesModuleConfiguration'
2025-02-17 14:51:08 [DEBUG][org.springframework.beans.factory.support.DefaultListableBeanFactory][getSingleton][225]-> Creating shared instance of singleton bean 'jsonComponentModule'
2025-02-17 14:51:08 [DEBUG][org.springframework.beans.factory.support.DefaultListableBeanFactory][getSingleton][225]-> Creating shared instance of singleton bean 'org.springframework.boot.autoconfigure.jackson.JacksonAutoConfiguration'
2025-02-17 14:51:08 [DEBUG][org.springframework.beans.factory.support.DefaultListableBeanFactory][getSingleton][225]-> Creating shared instance of singleton bean 'jsonMixinModule'
2025-02-17 14:51:08 [DEBUG][org.springframework.beans.factory.support.DefaultListableBeanFactory][registerDependentBeans][952]-> Autowiring by type from bean name 'jsonMixinModule' via factory method to bean named 'org.springframework.boot.web.servlet.context.AnnotationConfigServletWebServerApplicationContext@b70da4c'
2025-02-17 14:51:08 [DEBUG][org.springframework.beans.factory.support.DefaultListableBeanFactory][getSingleton][225]-> Creating shared instance of singleton bean 'jacksonGeoModule'
2025-02-17 14:51:08 [DEBUG][org.springframework.beans.factory.support.DefaultListableBeanFactory][getSingleton][225]-> Creating shared instance of singleton bean 'org.springframework.data.web.config.SpringDataJacksonConfiguration'
2025-02-17 14:51:08 [DEBUG][org.springframework.beans.factory.support.DefaultListableBeanFactory][registerDependentBeans][952]-> Autowiring by type from bean name 'jacksonObjectMapper' via factory method to bean named 'jacksonObjectMapperBuilder'
2025-02-17 14:51:08 [DEBUG][org.springframework.beans.factory.support.DefaultListableBeanFactory][registerDependentBeans][952]-> Autowiring by type from bean name 'mappingJackson2HttpMessageConverter' via factory method to bean named 'jacksonObjectMapper'
2025-02-17 14:51:08 [DEBUG][org.springframework.beans.factory.support.DefaultListableBeanFactory][getSingleton][225]-> Creating shared instance of singleton bean 'sortResolver'
2025-02-17 14:51:08 [DEBUG][org.springframework.beans.factory.support.DefaultListableBeanFactory][getSingleton][225]-> Creating shared instance of singleton bean 'sortCustomizer'
2025-02-17 14:51:08 [DEBUG][org.springframework.beans.factory.support.DefaultListableBeanFactory][getSingleton][225]-> Creating shared instance of singleton bean 'org.springframework.boot.autoconfigure.data.web.SpringDataWebAutoConfiguration'
2025-02-17 14:51:08 [DEBUG][org.springframework.beans.factory.support.DefaultListableBeanFactory][getSingleton][225]-> Creating shared instance of singleton bean 'spring.data.web-org.springframework.boot.autoconfigure.data.web.SpringDataWebProperties'
2025-02-17 14:51:08 [DEBUG][org.springframework.beans.factory.support.DefaultListableBeanFactory][registerDependentBeans][952]-> Autowiring by type from bean name 'org.springframework.boot.autoconfigure.data.web.SpringDataWebAutoConfiguration' via constructor to bean named 'spring.data.web-org.springframework.boot.autoconfigure.data.web.SpringDataWebProperties'
2025-02-17 14:51:08 [DEBUG][org.springframework.beans.factory.support.DefaultListableBeanFactory][getSingleton][225]-> Creating shared instance of singleton bean 'pageableResolver'
2025-02-17 14:51:08 [DEBUG][org.springframework.beans.factory.support.DefaultListableBeanFactory][getSingleton][225]-> Creating shared instance of singleton bean 'pageableCustomizer'
2025-02-17 14:51:08 [DEBUG][org.springframework.beans.factory.support.DefaultListableBeanFactory][getSingleton][225]-> Creating shared instance of singleton bean 'applicationTaskExecutor'
2025-02-17 14:51:08 [DEBUG][org.springframework.beans.factory.support.DefaultListableBeanFactory][registerDependentBeans][952]-> Autowiring by type from bean name 'applicationTaskExecutor' via factory method to bean named 'taskExecutorBuilder'
2025-02-17 14:51:08 [DEBUG][org.springframework.scheduling.concurrent.ThreadPoolTaskExecutor][initialize][184]-> Initializing ExecutorService 'applicationTaskExecutor'
2025-02-17 14:51:08 [DEBUG][org.springframework.web.servlet.mvc.method.annotation.RequestMappingHandlerAdapter][initControllerAdviceCache][625]-> ControllerAdvice beans: 0 @ModelAttribute, 0 @InitBinder, 1 RequestBodyAdvice, 1 ResponseBodyAdvice
2025-02-17 14:51:08 [DEBUG][org.springframework.beans.factory.support.DefaultListableBeanFactory][getSingleton][225]-> Creating shared instance of singleton bean 'welcomePageHandlerMapping'
2025-02-17 14:51:08 [DEBUG][org.springframework.beans.factory.support.DefaultListableBeanFactory][getSingleton][225]-> Creating shared instance of singleton bean 'mvcResourceUrlProvider'
2025-02-17 14:51:08 [DEBUG][org.springframework.beans.factory.support.DefaultListableBeanFactory][registerDependentBeans][952]-> Autowiring by type from bean name 'welcomePageHandlerMapping' via factory method to bean named 'org.springframework.boot.web.servlet.context.AnnotationConfigServletWebServerApplicationContext@b70da4c'
2025-02-17 14:51:08 [DEBUG][org.springframework.beans.factory.support.DefaultListableBeanFactory][registerDependentBeans][952]-> Autowiring by type from bean name 'welcomePageHandlerMapping' via factory method to bean named 'mvcConversionService'
2025-02-17 14:51:08 [DEBUG][org.springframework.beans.factory.support.DefaultListableBeanFactory][registerDependentBeans][952]-> Autowiring by type from bean name 'welcomePageHandlerMapping' via factory method to bean named 'mvcResourceUrlProvider'
2025-02-17 14:51:08 [DEBUG][org.springframework.beans.factory.support.DefaultListableBeanFactory][getSingleton][225]-> Creating shared instance of singleton bean 'welcomePageNotAcceptableHandlerMapping'
2025-02-17 14:51:08 [DEBUG][org.springframework.beans.factory.support.DefaultListableBeanFactory][registerDependentBeans][952]-> Autowiring by type from bean name 'welcomePageNotAcceptableHandlerMapping' via factory method to bean named 'org.springframework.boot.web.servlet.context.AnnotationConfigServletWebServerApplicationContext@b70da4c'
2025-02-17 14:51:08 [DEBUG][org.springframework.beans.factory.support.DefaultListableBeanFactory][registerDependentBeans][952]-> Autowiring by type from bean name 'welcomePageNotAcceptableHandlerMapping' via factory method to bean named 'mvcConversionService'
2025-02-17 14:51:08 [DEBUG][org.springframework.beans.factory.support.DefaultListableBeanFactory][registerDependentBeans][952]-> Autowiring by type from bean name 'welcomePageNotAcceptableHandlerMapping' via factory method to bean named 'mvcResourceUrlProvider'
2025-02-17 14:51:08 [DEBUG][org.springframework.beans.factory.support.DefaultListableBeanFactory][getSingleton][225]-> Creating shared instance of singleton bean 'localeResolver'
2025-02-17 14:51:08 [DEBUG][org.springframework.beans.factory.support.DefaultListableBeanFactory][getSingleton][225]-> Creating shared instance of singleton bean 'themeResolver'
2025-02-17 14:51:08 [DEBUG][org.springframework.beans.factory.support.DefaultListableBeanFactory][getSingleton][225]-> Creating shared instance of singleton bean 'flashMapManager'
2025-02-17 14:51:08 [DEBUG][org.springframework.beans.factory.support.DefaultListableBeanFactory][getSingleton][225]-> Creating shared instance of singleton bean 'requestMappingHandlerMapping'
2025-02-17 14:51:08 [DEBUG][org.springframework.beans.factory.support.DefaultListableBeanFactory][registerDependentBeans][952]-> Autowiring by type from bean name 'requestMappingHandlerMapping' via factory method to bean named 'mvcContentNegotiationManager'
2025-02-17 14:51:08 [DEBUG][org.springframework.beans.factory.support.DefaultListableBeanFactory][registerDependentBeans][952]-> Autowiring by type from bean name 'requestMappingHandlerMapping' via factory method to bean named 'mvcConversionService'
2025-02-17 14:51:08 [DEBUG][org.springframework.beans.factory.support.DefaultListableBeanFactory][registerDependentBeans][952]-> Autowiring by type from bean name 'requestMappingHandlerMapping' via factory method to bean named 'mvcResourceUrlProvider'
2025-02-17 14:51:08 [DEBUG][_org.springframework.web.servlet.HandlerMapping.Mappings][detectHandlerMethods][295]-> 
	o.s.b.a.w.s.e.BasicErrorController:
	{ [/error]}: error(HttpServletRequest)
	{ [/error], produces [text/html]}: errorHtml(HttpServletRequest,HttpServletResponse)
2025-02-17 14:51:08 [DEBUG][org.springframework.web.servlet.mvc.method.annotation.RequestMappingHandlerMapping][handlerMethodsInitialized][367]-> 2 mappings in 'requestMappingHandlerMapping'
2025-02-17 14:51:08 [DEBUG][org.springframework.beans.factory.support.DefaultListableBeanFactory][getSingleton][225]-> Creating shared instance of singleton bean 'mvcPatternParser'
2025-02-17 14:51:08 [DEBUG][org.springframework.beans.factory.support.DefaultListableBeanFactory][getSingleton][225]-> Creating shared instance of singleton bean 'mvcUrlPathHelper'
2025-02-17 14:51:08 [DEBUG][org.springframework.beans.factory.support.DefaultListableBeanFactory][getSingleton][225]-> Creating shared instance of singleton bean 'mvcPathMatcher'
2025-02-17 14:51:08 [DEBUG][org.springframework.beans.factory.support.DefaultListableBeanFactory][getSingleton][225]-> Creating shared instance of singleton bean 'viewControllerHandlerMapping'
2025-02-17 14:51:08 [DEBUG][org.springframework.beans.factory.support.DefaultListableBeanFactory][registerDependentBeans][952]-> Autowiring by type from bean name 'viewControllerHandlerMapping' via factory method to bean named 'mvcConversionService'
2025-02-17 14:51:08 [DEBUG][org.springframework.beans.factory.support.DefaultListableBeanFactory][registerDependentBeans][952]-> Autowiring by type from bean name 'viewControllerHandlerMapping' via factory method to bean named 'mvcResourceUrlProvider'
2025-02-17 14:51:08 [DEBUG][org.springframework.beans.factory.support.DefaultListableBeanFactory][getSingleton][225]-> Creating shared instance of singleton bean 'beanNameHandlerMapping'
2025-02-17 14:51:08 [DEBUG][org.springframework.beans.factory.support.DefaultListableBeanFactory][registerDependentBeans][952]-> Autowiring by type from bean name 'beanNameHandlerMapping' via factory method to bean named 'mvcConversionService'
2025-02-17 14:51:08 [DEBUG][org.springframework.beans.factory.support.DefaultListableBeanFactory][registerDependentBeans][952]-> Autowiring by type from bean name 'beanNameHandlerMapping' via factory method to bean named 'mvcResourceUrlProvider'
2025-02-17 14:51:08 [DEBUG][_org.springframework.web.servlet.HandlerMapping.Mappings][detectHandlers][86]-> 'beanNameHandlerMapping' {}
2025-02-17 14:51:08 [DEBUG][org.springframework.beans.factory.support.DefaultListableBeanFactory][getSingleton][225]-> Creating shared instance of singleton bean 'routerFunctionMapping'
2025-02-17 14:51:08 [DEBUG][org.springframework.beans.factory.support.DefaultListableBeanFactory][registerDependentBeans][952]-> Autowiring by type from bean name 'routerFunctionMapping' via factory method to bean named 'mvcConversionService'
2025-02-17 14:51:08 [DEBUG][org.springframework.beans.factory.support.DefaultListableBeanFactory][registerDependentBeans][952]-> Autowiring by type from bean name 'routerFunctionMapping' via factory method to bean named 'mvcResourceUrlProvider'
2025-02-17 14:51:08 [DEBUG][org.springframework.beans.factory.support.DefaultListableBeanFactory][getSingleton][225]-> Creating shared instance of singleton bean 'resourceHandlerMapping'
2025-02-17 14:51:08 [DEBUG][org.springframework.beans.factory.support.DefaultListableBeanFactory][registerDependentBeans][952]-> Autowiring by type from bean name 'resourceHandlerMapping' via factory method to bean named 'mvcContentNegotiationManager'
2025-02-17 14:51:08 [DEBUG][org.springframework.beans.factory.support.DefaultListableBeanFactory][registerDependentBeans][952]-> Autowiring by type from bean name 'resourceHandlerMapping' via factory method to bean named 'mvcConversionService'
2025-02-17 14:51:08 [DEBUG][org.springframework.beans.factory.support.DefaultListableBeanFactory][registerDependentBeans][952]-> Autowiring by type from bean name 'resourceHandlerMapping' via factory method to bean named 'mvcResourceUrlProvider'
2025-02-17 14:51:08 [DEBUG][_org.springframework.web.servlet.HandlerMapping.Mappings][logMappings][177]-> 'resourceHandlerMapping' {/webjars/**=ResourceHttpRequestHandler [classpath [META-INF/resources/webjars/]], /**=ResourceHttpRequestHandler [classpath [META-INF/resources/], classpath [resources/], classpath [static/], classpath [public/], ServletContext [/]]}
2025-02-17 14:51:08 [DEBUG][org.springframework.beans.factory.support.DefaultListableBeanFactory][getSingleton][225]-> Creating shared instance of singleton bean 'defaultServletHandlerMapping'
2025-02-17 14:51:08 [DEBUG][org.springframework.beans.factory.support.DefaultListableBeanFactory][getSingleton][225]-> Creating shared instance of singleton bean 'handlerFunctionAdapter'
2025-02-17 14:51:08 [DEBUG][org.springframework.beans.factory.support.DefaultListableBeanFactory][getSingleton][225]-> Creating shared instance of singleton bean 'mvcUriComponentsContributor'
2025-02-17 14:51:08 [DEBUG][org.springframework.beans.factory.support.DefaultListableBeanFactory][registerDependentBeans][952]-> Autowiring by type from bean name 'mvcUriComponentsContributor' via factory method to bean named 'mvcConversionService'
2025-02-17 14:51:08 [DEBUG][org.springframework.beans.factory.support.DefaultListableBeanFactory][registerDependentBeans][952]-> Autowiring by type from bean name 'mvcUriComponentsContributor' via factory method to bean named 'requestMappingHandlerAdapter'
2025-02-17 14:51:08 [DEBUG][org.springframework.beans.factory.support.DefaultListableBeanFactory][getSingleton][225]-> Creating shared instance of singleton bean 'httpRequestHandlerAdapter'
2025-02-17 14:51:08 [DEBUG][org.springframework.beans.factory.support.DefaultListableBeanFactory][getSingleton][225]-> Creating shared instance of singleton bean 'simpleControllerHandlerAdapter'
2025-02-17 14:51:08 [DEBUG][org.springframework.beans.factory.support.DefaultListableBeanFactory][getSingleton][225]-> Creating shared instance of singleton bean 'handlerExceptionResolver'
2025-02-17 14:51:08 [DEBUG][org.springframework.beans.factory.support.DefaultListableBeanFactory][registerDependentBeans][952]-> Autowiring by type from bean name 'handlerExceptionResolver' via factory method to bean named 'mvcContentNegotiationManager'
2025-02-17 14:51:08 [DEBUG][org.springframework.web.servlet.mvc.method.annotation.ExceptionHandlerExceptionResolver][initExceptionHandlerAdviceCache][307]-> ControllerAdvice beans: 0 @ExceptionHandler, 1 ResponseBodyAdvice
2025-02-17 14:51:08 [DEBUG][org.springframework.beans.factory.support.DefaultListableBeanFactory][getSingleton][225]-> Creating shared instance of singleton bean 'mvcViewResolver'
2025-02-17 14:51:08 [DEBUG][org.springframework.beans.factory.support.DefaultListableBeanFactory][registerDependentBeans][952]-> Autowiring by type from bean name 'mvcViewResolver' via factory method to bean named 'mvcContentNegotiationManager'
2025-02-17 14:51:08 [DEBUG][org.springframework.beans.factory.support.DefaultListableBeanFactory][getSingleton][225]-> Creating shared instance of singleton bean 'viewNameTranslator'
2025-02-17 14:51:08 [DEBUG][org.springframework.beans.factory.support.DefaultListableBeanFactory][getSingleton][225]-> Creating shared instance of singleton bean 'defaultViewResolver'
2025-02-17 14:51:08 [DEBUG][org.springframework.beans.factory.support.DefaultListableBeanFactory][getSingleton][225]-> Creating shared instance of singleton bean 'viewResolver'
2025-02-17 14:51:08 [DEBUG][org.springframework.beans.factory.support.DefaultListableBeanFactory][registerDependentBeans][952]-> Autowiring by type from bean name 'viewResolver' via factory method to bean named 'org.springframework.beans.factory.support.DefaultListableBeanFactory@5d465e4b'
2025-02-17 14:51:08 [DEBUG][org.springframework.beans.factory.support.DefaultListableBeanFactory][getSingleton][225]-> Creating shared instance of singleton bean 'viewResolver'
2025-02-17 14:51:08 [DEBUG][org.springframework.beans.factory.support.DefaultListableBeanFactory][getSingleton][225]-> Creating shared instance of singleton bean 'org.springframework.boot.autoconfigure.jdbc.DataSourceConfiguration$Hikari'
2025-02-17 14:51:08 [DEBUG][org.springframework.beans.factory.support.DefaultListableBeanFactory][getSingleton][225]-> Creating shared instance of singleton bean 'dataSource'
2025-02-17 14:51:08 [DEBUG][org.springframework.beans.factory.support.DefaultListableBeanFactory][getSingleton][225]-> Creating shared instance of singleton bean 'spring.datasource-org.springframework.boot.autoconfigure.jdbc.DataSourceProperties'
2025-02-17 14:51:08 [DEBUG][org.springframework.beans.factory.support.DefaultListableBeanFactory][registerDependentBeans][952]-> Autowiring by type from bean name 'dataSource' via factory method to bean named 'spring.datasource-org.springframework.boot.autoconfigure.jdbc.DataSourceProperties'
2025-02-17 14:51:08 [WARN][org.springframework.boot.web.servlet.context.AnnotationConfigServletWebServerApplicationContext][refresh][599]-> Exception encountered during context initialization - cancelling refresh attempt: org.springframework.beans.factory.BeanCreationException: Error creating bean with name 'dataSource' defined in class path resource [org/springframework/boot/autoconfigure/jdbc/DataSourceConfiguration$Hikari.class]: Bean instantiation via factory method failed; nested exception is org.springframework.beans.BeanInstantiationException: Failed to instantiate [com.zaxxer.hikari.HikariDataSource]: Factory method 'dataSource' threw exception; nested exception is org.springframework.boot.autoconfigure.jdbc.DataSourceProperties$DataSourceBeanCreationException: Failed to determine a suitable driver class
2025-02-17 14:51:08 [DEBUG][org.springframework.scheduling.concurrent.ThreadPoolTaskExecutor][shutdown][224]-> Shutting down ExecutorService 'applicationTaskExecutor'
2025-02-17 14:51:08 [INFO][org.apache.catalina.core.StandardService][log][173]-> Stopping service [Tomcat]
2025-02-17 14:51:08 [DEBUG][org.springframework.boot.diagnostics.LoggingFailureAnalysisReporter][report][37]-> Application failed to start due to an exception
org.springframework.boot.autoconfigure.jdbc.DataSourceProperties$DataSourceBeanCreationException: Failed to determine a suitable driver class
	at org.springframework.boot.autoconfigure.jdbc.DataSourceProperties.determineDriverClassName(DataSourceProperties.java:186)
	at org.springframework.boot.autoconfigure.jdbc.DataSourceProperties.initializeDataSourceBuilder(DataSourceProperties.java:125)
	at org.springframework.boot.autoconfigure.jdbc.DataSourceConfiguration.createDataSource(DataSourceConfiguration.java:48)
	at org.springframework.boot.autoconfigure.jdbc.DataSourceConfiguration$Hikari.dataSource(DataSourceConfiguration.java:90)
	at sun.reflect.NativeMethodAccessorImpl.invoke0(Native Method)
	at sun.reflect.NativeMethodAccessorImpl.invoke(NativeMethodAccessorImpl.java:62)
	at sun.reflect.DelegatingMethodAccessorImpl.invoke(DelegatingMethodAccessorImpl.java:43)
	at java.lang.reflect.Method.invoke(Method.java:498)
	at org.springframework.beans.factory.support.SimpleInstantiationStrategy.instantiate(SimpleInstantiationStrategy.java:154)
	at org.springframework.beans.factory.support.ConstructorResolver.instantiate(ConstructorResolver.java:648)
	at org.springframework.beans.factory.support.ConstructorResolver.instantiateUsingFactoryMethod(ConstructorResolver.java:633)
	at org.springframework.beans.factory.support.AbstractAutowireCapableBeanFactory.instantiateUsingFactoryMethod(AbstractAutowireCapableBeanFactory.java:1352)
	at org.springframework.beans.factory.support.AbstractAutowireCapableBeanFactory.createBeanInstance(AbstractAutowireCapableBeanFactory.java:1195)
	at org.springframework.beans.factory.support.AbstractAutowireCapableBeanFactory.doCreateBean(AbstractAutowireCapableBeanFactory.java:582)
	at org.springframework.beans.factory.support.AbstractAutowireCapableBeanFactory.createBean(AbstractAutowireCapableBeanFactory.java:542)
	at org.springframework.beans.factory.support.AbstractBeanFactory.lambda$doGetBean$0(AbstractBeanFactory.java:335)
	at org.springframework.beans.factory.support.DefaultSingletonBeanRegistry.getSingleton(DefaultSingletonBeanRegistry.java:234)
	at org.springframework.beans.factory.support.AbstractBeanFactory.doGetBean(AbstractBeanFactory.java:333)
	at org.springframework.beans.factory.support.AbstractBeanFactory.getBean(AbstractBeanFactory.java:208)
	at org.springframework.beans.factory.support.DefaultListableBeanFactory.preInstantiateSingletons(DefaultListableBeanFactory.java:955)
	at org.springframework.context.support.AbstractApplicationContext.finishBeanFactoryInitialization(AbstractApplicationContext.java:929)
	at org.springframework.context.support.AbstractApplicationContext.refresh(AbstractApplicationContext.java:591)
	at org.springframework.boot.web.servlet.context.ServletWebServerApplicationContext.refresh(ServletWebServerApplicationContext.java:147)
	at org.springframework.boot.SpringApplication.refresh(SpringApplication.java:732)
	at org.springframework.boot.SpringApplication.refreshContext(SpringApplication.java:409)
	at org.springframework.boot.SpringApplication.run(SpringApplication.java:308)
	at org.springframework.boot.SpringApplication.run(SpringApplication.java:1300)
	at org.springframework.boot.SpringApplication.run(SpringApplication.java:1289)
	at com.bilibili.web.BilibiliRunApplication.main(BilibiliRunApplication.java:9)
2025-02-17 14:51:08 [ERROR][org.springframework.boot.diagnostics.LoggingFailureAnalysisReporter][report][40]-> 

***************************
APPLICATION FAILED TO START
***************************

Description:

Failed to configure a DataSource: 'url' attribute is not specified and no embedded datasource could be configured.

Reason: Failed to determine a suitable driver class


Action:

Consider the following:
	If you want an embedded database (H2, HSQL or Derby), please put it on the classpath.
	If you have database settings to be loaded from a particular profile you may need to activate it (no profiles are currently active).

